#
# A fatal error has been detected by the Java Runtime Environment:
#
#  EXCEPTION_ACCESS_VIOLATION (0xc0000005) at pc=0x00000135fcba2b28, pid=15576, tid=0x0000000000003334
#
# JRE version: OpenJDK Runtime Environment (8.0_332-b08) (build 1.8.0_332-b08)
# Java VM: OpenJDK 64-Bit Server VM (25.332-b08 mixed mode windows-amd64 compressed oops)
# Problematic frame:
# C  0x00000135fcba2b28
#
# Failed to write core dump. Minidumps are not enabled by default on client versions of Windows
#
# If you would like to submit a bug report, please visit:
#   https://github.com/corretto/corretto-8/issues/
#

---------------  T H R E A D  ---------------

Current thread (0x00000135f4941000):  JavaThread "Cache worker for journal cache (C:\Users\Mukund Mishra\.gradle\caches\journal-1)" [_thread_in_Java, id=13108, stack(0x00000005eaf00000,0x00000005eb000000)]

siginfo: ExceptionCode=0xc0000005, ExceptionInformation=0x0000000000000008 0x00000135fcba2b28

Registers:
RAX=0x000000010030a898, RBX=0x00000135fcba26b8, RCX=0x00000000809d78f0, RDX=0x00000000808750e0
RSP=0x00000005eaffe698, RBP=0x00000000808750e0, RSI=0x000000008079d8a0, RDI=0x0000000000000108
R8 =0x00000000808750e0, R9 =0x00000000dc41b6a0, R10=0x00000135fcba26b8, R11=0x00000135f3400640
R12=0x0000000000000000, R13=0x0000000000000000, R14=0x0000000000000008, R15=0x00000135f4941000
RIP=0x00000135fcba2b28, EFLAGS=0x0000000000010202

Top of Stack: (sp=0x00000005eaffe698)
0x00000005eaffe698:   00000135e0cad9b4 000000008079d8a0
0x00000005eaffe6a8:   0000000800000008 00000000808750e0
0x00000005eaffe6b8:   00000000dc41b6a0 00000000809d78b0
0x00000005eaffe6c8:   000000008057c488 00000000809d78f0
0x00000005eaffe6d8:   00000000dc41b6c0 144ed0dff9a3b7f0
0x00000005eaffe6e8:   00000135f4941000 00000005eaffeec8
0x00000005eaffe6f8:   00000135df7f630c 00000001000007a8
0x00000005eaffe708:   0000000000000001 00000135f4941000
0x00000005eaffe718:   00000001000007a8 00000005eaffeec8
0x00000005eaffe728:   00000135e0e99e3c 000000008079b830
0x00000005eaffe738:   00000135e1015e6e 00000001000007a8
0x00000005eaffe748:   00000000dc41b898 00000005eaffeec8
0x00000005eaffe758:   00000000dc41b6c0 00000000807700d0
0x00000005eaffe768:   00000000dc41b6a0 00000135f4941000
0x00000005eaffe778:   000000008079d8a0 0000000000001000
0x00000005eaffe788:   00000000dc49a3b0 00000005eaffeec8 

Instructions: (pc=0x00000135fcba2b28)
0x00000135fcba2b08:   2a b4 08 00 b8 09 00 b0 ff 00 6c 00 00 00 00 00
0x00000135fcba2b18:   00 00 00 00 08 00 24 00 18 00 00 00 00 00 01 00
0x00000135fcba2b28:   48 eb 22 6e 00 00 00 00 d8 2a ba fc 35 01 00 00
0x00000135fcba2b38:   00 00 00 00 00 00 00 00 00 00 00 00 00 00 00 00 


Register to memory mapping:

RAX=0x000000010030a898 is pointing into metadata
RBX=0x00000135fcba26b8 is pointing into metadata
RCX=0x00000000809d78f0 is an oop
[Ljava.lang.Object; 
 - klass: 'java/lang/Object'[]
 - length: 4
RDX=0x00000000808750e0 is an oop

[error occurred during error reporting (printing register info), id 0xc0000005]

Stack: [0x00000005eaf00000,0x00000005eb000000],  sp=0x00000005eaffe698,  free space=1017k
Native frames: (J=compiled Java code, j=interpreted, Vv=VM code, C=native code)
C  0x00000135fcba2b28


---------------  P R O C E S S  ---------------

Java Threads: ( => current thread )
  0x00000135f9c4c000 JavaThread "Cache worker for execution history cache (E:\My\.gradle\6.5\executionHistory)" [_thread_blocked, id=13368, stack(0x00000005f2200000,0x00000005f2300000)]
  0x00000135f9c46800 JavaThread "jar transforms Thread 184" [_thread_blocked, id=8212, stack(0x00000005f1900000,0x00000005f1a00000)]
  0x00000135f9c47800 JavaThread "jar transforms Thread 183" [_thread_blocked, id=13052, stack(0x00000005f1800000,0x00000005f1900000)]
  0x00000135f9c45000 JavaThread "jar transforms Thread 182" [_thread_blocked, id=6660, stack(0x00000005f1700000,0x00000005f1800000)]
  0x00000135f9c44800 JavaThread "jar transforms Thread 181" [_thread_blocked, id=1056, stack(0x00000005f1600000,0x00000005f1700000)]
  0x00000135f9c46000 JavaThread "jar transforms Thread 180" [_thread_blocked, id=17524, stack(0x00000005f1500000,0x00000005f1600000)]
  0x00000135f9c41000 JavaThread "jar transforms Thread 179" [_thread_blocked, id=12176, stack(0x00000005f1400000,0x00000005f1500000)]
  0x00000135fa1d6000 JavaThread "jar transforms Thread 178" [_thread_blocked, id=2088, stack(0x00000005f1300000,0x00000005f1400000)]
  0x00000135fa1d3000 JavaThread "jar transforms Thread 177" [_thread_blocked, id=16712, stack(0x00000005f1200000,0x00000005f1300000)]
  0x00000135fa1d5000 JavaThread "jar transforms Thread 176" [_thread_blocked, id=17300, stack(0x00000005f1100000,0x00000005f1200000)]
  0x00000135fa1d3800 JavaThread "jar transforms Thread 175" [_thread_blocked, id=2624, stack(0x00000005f1000000,0x00000005f1100000)]
  0x00000135fa1d2000 JavaThread "jar transforms Thread 174" [_thread_blocked, id=12920, stack(0x00000005f0f00000,0x00000005f1000000)]
  0x00000135fa1d1800 JavaThread "jar transforms Thread 173" [_thread_blocked, id=10964, stack(0x00000005f0e00000,0x00000005f0f00000)]
  0x00000135fa1d0800 JavaThread "jar transforms Thread 172" [_thread_blocked, id=14796, stack(0x00000005f0d00000,0x00000005f0e00000)]
  0x00000135fa1cf800 JavaThread "jar transforms Thread 171" [_thread_blocked, id=1160, stack(0x00000005f0c00000,0x00000005f0d00000)]
  0x00000135fa1d4800 JavaThread "jar transforms Thread 170" [_thread_blocked, id=17092, stack(0x00000005f0b00000,0x00000005f0c00000)]
  0x00000135fa1c8000 JavaThread "jar transforms Thread 169" [_thread_blocked, id=18112, stack(0x00000005f0a00000,0x00000005f0b00000)]
  0x00000135fa1cf000 JavaThread "jar transforms Thread 168" [_thread_blocked, id=5340, stack(0x00000005f0900000,0x00000005f0a00000)]
  0x00000135fa1c8800 JavaThread "jar transforms Thread 167" [_thread_blocked, id=13768, stack(0x00000005f0800000,0x00000005f0900000)]
  0x00000135fa1c7000 JavaThread "jar transforms Thread 166" [_thread_blocked, id=15284, stack(0x00000005f0700000,0x00000005f0800000)]
  0x00000135fa1cd800 JavaThread "jar transforms Thread 165" [_thread_blocked, id=11076, stack(0x00000005f0600000,0x00000005f0700000)]
  0x00000135fa1cc800 JavaThread "jar transforms Thread 164" [_thread_blocked, id=12400, stack(0x00000005f0500000,0x00000005f0600000)]
  0x00000135fa1cc000 JavaThread "jar transforms Thread 163" [_thread_blocked, id=16156, stack(0x00000005f0400000,0x00000005f0500000)]
  0x00000135fa1cb000 JavaThread "jar transforms Thread 162" [_thread_blocked, id=18840, stack(0x00000005f0300000,0x00000005f0400000)]
  0x00000135fa1ca000 JavaThread "jar transforms Thread 161" [_thread_blocked, id=19140, stack(0x00000005f0200000,0x00000005f0300000)]
  0x00000135fa1c9800 JavaThread "jar transforms Thread 160" [_thread_blocked, id=15392, stack(0x00000005f0100000,0x00000005f0200000)]
  0x00000135fa1ce000 JavaThread "jar transforms Thread 159" [_thread_blocked, id=3076, stack(0x00000005f0000000,0x00000005f0100000)]
  0x0000013580392000 JavaThread "jar transforms Thread 158" [_thread_blocked, id=3164, stack(0x00000005eff00000,0x00000005f0000000)]
  0x0000013580391800 JavaThread "jar transforms Thread 157" [_thread_blocked, id=19220, stack(0x00000005efe00000,0x00000005eff00000)]
  0x0000013580390800 JavaThread "jar transforms Thread 156" [_thread_blocked, id=15548, stack(0x00000005efd00000,0x00000005efe00000)]
  0x000001358038f000 JavaThread "jar transforms Thread 155" [_thread_blocked, id=7668, stack(0x00000005efc00000,0x00000005efd00000)]
  0x000001358038e000 JavaThread "jar transforms Thread 154" [_thread_blocked, id=17316, stack(0x00000005efb00000,0x00000005efc00000)]
  0x000001358038d800 JavaThread "jar transforms Thread 153" [_thread_blocked, id=17120, stack(0x00000005efa00000,0x00000005efb00000)]
  0x0000013580390000 JavaThread "jar transforms Thread 152" [_thread_blocked, id=9708, stack(0x00000005ef900000,0x00000005efa00000)]
  0x0000013580385800 JavaThread "jar transforms Thread 151" [_thread_blocked, id=18700, stack(0x00000005ef800000,0x00000005ef900000)]
  0x000001358038c800 JavaThread "jar transforms Thread 150" [_thread_blocked, id=2064, stack(0x00000005ef700000,0x00000005ef800000)]
  0x000001358038c000 JavaThread "jar transforms Thread 149" [_thread_blocked, id=10652, stack(0x00000005ef600000,0x00000005ef700000)]
  0x000001358038b000 JavaThread "jar transforms Thread 148" [_thread_blocked, id=18308, stack(0x00000005ef500000,0x00000005ef600000)]
  0x0000013580383000 JavaThread "jar transforms Thread 147" [_thread_blocked, id=16848, stack(0x00000005ef400000,0x00000005ef500000)]
  0x000001358038a800 JavaThread "jar transforms Thread 146" [_thread_blocked, id=7536, stack(0x00000005ef300000,0x00000005ef400000)]
  0x0000013580388000 JavaThread "jar transforms Thread 145" [_thread_blocked, id=8392, stack(0x00000005ef200000,0x00000005ef300000)]
  0x0000013580387000 JavaThread "jar transforms Thread 144" [_thread_blocked, id=15652, stack(0x00000005ef100000,0x00000005ef200000)]
  0x0000013580385000 JavaThread "jar transforms Thread 143" [_thread_blocked, id=1340, stack(0x00000005ef000000,0x00000005ef100000)]
  0x0000013580384000 JavaThread "jar transforms Thread 142" [_thread_blocked, id=10532, stack(0x00000005eef00000,0x00000005ef000000)]
  0x0000013580389800 JavaThread "jar transforms Thread 141" [_thread_blocked, id=18516, stack(0x00000005eee00000,0x00000005eef00000)]
  0x0000013580386800 JavaThread "jar transforms Thread 140" [_thread_blocked, id=16508, stack(0x00000005eed00000,0x00000005eee00000)]
  0x0000013580388800 JavaThread "jar transforms Thread 139" [_thread_blocked, id=11980, stack(0x00000005eec00000,0x00000005eed00000)]
  0x00000135fa251000 JavaThread "jar transforms Thread 138" [_thread_blocked, id=2492, stack(0x00000005eeb00000,0x00000005eec00000)]
  0x00000135fa252000 JavaThread "jar transforms Thread 137" [_thread_blocked, id=19028, stack(0x00000005eea00000,0x00000005eeb00000)]
  0x00000135fa24e000 JavaThread "jar transforms Thread 136" [_thread_blocked, id=14720, stack(0x00000005ee900000,0x00000005eea00000)]
  0x00000135fa24b800 JavaThread "jar transforms Thread 135" [_thread_blocked, id=16012, stack(0x00000005ee800000,0x00000005ee900000)]
  0x00000135fa24d000 JavaThread "jar transforms Thread 134" [_thread_blocked, id=4940, stack(0x00000005ee700000,0x00000005ee800000)]
  0x00000135fa24f800 JavaThread "jar transforms Thread 133" [_thread_blocked, id=8336, stack(0x00000005ee600000,0x00000005ee700000)]
  0x00000135fa250000 JavaThread "jar transforms Thread 132" [_thread_blocked, id=800, stack(0x00000005ee500000,0x00000005ee600000)]
  0x00000135fa24e800 JavaThread "jar transforms Thread 131" [_thread_blocked, id=18236, stack(0x00000005ee400000,0x00000005ee500000)]
  0x00000135fa24c800 JavaThread "jar transforms Thread 130" [_thread_blocked, id=10936, stack(0x00000005ee300000,0x00000005ee400000)]
  0x00000135fa24a800 JavaThread "jar transforms Thread 129" [_thread_blocked, id=13604, stack(0x00000005ee200000,0x00000005ee300000)]
  0x00000135fa243000 JavaThread "jar transforms Thread 128" [_thread_blocked, id=2484, stack(0x00000005ee100000,0x00000005ee200000)]
  0x00000135fa24a000 JavaThread "jar transforms Thread 127" [_thread_blocked, id=728, stack(0x00000005ee000000,0x00000005ee100000)]
  0x00000135fa249000 JavaThread "jar transforms Thread 126" [_thread_blocked, id=15908, stack(0x00000005edf00000,0x00000005ee000000)]
  0x00000135fa248800 JavaThread "jar transforms Thread 125" [_thread_blocked, id=17776, stack(0x00000005ede00000,0x00000005edf00000)]
  0x00000135fa246000 JavaThread "jar transforms Thread 124" [_thread_blocked, id=1212, stack(0x00000005edd00000,0x00000005ede00000)]
  0x00000135fa247000 JavaThread "jar transforms Thread 123" [_thread_blocked, id=1412, stack(0x00000005edc00000,0x00000005edd00000)]
  0x00000135fa245800 JavaThread "jar transforms Thread 122" [_thread_blocked, id=16216, stack(0x00000005edb00000,0x00000005edc00000)]
  0x00000135fa244800 JavaThread "jar transforms Thread 121" [_thread_blocked, id=19340, stack(0x00000005eda00000,0x00000005edb00000)]
  0x00000135fa247800 JavaThread "jar transforms Thread 120" [_thread_blocked, id=9740, stack(0x00000005ed900000,0x00000005eda00000)]
  0x00000135fa243800 JavaThread "jar transforms Thread 119" [_thread_blocked, id=9820, stack(0x00000005ed800000,0x00000005ed900000)]
  0x00000135fa48c000 JavaThread "jar transforms Thread 118" [_thread_blocked, id=19324, stack(0x00000005ed700000,0x00000005ed800000)]
  0x00000135fa488800 JavaThread "jar transforms Thread 117" [_thread_blocked, id=7480, stack(0x00000005ed600000,0x00000005ed700000)]
  0x00000135fa48a800 JavaThread "jar transforms Thread 116" [_thread_blocked, id=2072, stack(0x00000005ed500000,0x00000005ed600000)]
  0x00000135fa487000 JavaThread "jar transforms Thread 115" [_thread_blocked, id=15040, stack(0x00000005ed400000,0x00000005ed500000)]
  0x00000135fa485800 JavaThread "jar transforms Thread 114" [_thread_blocked, id=19136, stack(0x00000005ed300000,0x00000005ed400000)]
  0x00000135fa486800 JavaThread "jar transforms Thread 113" [_thread_blocked, id=13908, stack(0x00000005ed200000,0x00000005ed300000)]
  0x00000135fa48b000 JavaThread "jar transforms Thread 112" [_thread_blocked, id=468, stack(0x00000005ed100000,0x00000005ed200000)]
  0x00000135fa488000 JavaThread "jar transforms Thread 111" [_thread_blocked, id=9388, stack(0x00000005ed000000,0x00000005ed100000)]
  0x00000135fa48c800 JavaThread "jar transforms Thread 110" [_thread_blocked, id=11560, stack(0x00000005ecf00000,0x00000005ed000000)]
  0x00000135fa489800 JavaThread "jar transforms Thread 109" [_thread_blocked, id=9688, stack(0x00000005ece00000,0x00000005ecf00000)]
  0x00000135f493f800 JavaThread "jar transforms Thread 108" [_thread_blocked, id=13356, stack(0x00000005ecb00000,0x00000005ecc00000)]
  0x00000135f493f000 JavaThread "jar transforms Thread 107" [_thread_blocked, id=18076, stack(0x00000005eca00000,0x00000005ecb00000)]
  0x00000135f493e000 JavaThread "jar transforms Thread 106" [_thread_blocked, id=6312, stack(0x00000005ec900000,0x00000005eca00000)]
  0x00000135f4943800 JavaThread "jar transforms Thread 105" [_thread_blocked, id=15916, stack(0x00000005ec800000,0x00000005ec900000)]
  0x00000135f493d000 JavaThread "jar transforms Thread 104" [_thread_blocked, id=15056, stack(0x00000005ec700000,0x00000005ec800000)]
  0x00000135f4942800 JavaThread "jar transforms Thread 103" [_thread_blocked, id=13916, stack(0x00000005ec600000,0x00000005ec700000)]
  0x00000135f72c3000 JavaThread "Build operations Thread 8" [_thread_blocked, id=4112, stack(0x00000005ec500000,0x00000005ec600000)]
  0x00000135f72c0000 JavaThread "Build operations Thread 7" [_thread_blocked, id=8052, stack(0x00000005ec400000,0x00000005ec500000)]
  0x00000135f72be800 JavaThread "Build operations Thread 6" [_thread_blocked, id=16320, stack(0x00000005ec300000,0x00000005ec400000)]
  0x00000135f72bd800 JavaThread "Build operations Thread 5" [_thread_blocked, id=18244, stack(0x00000005ec200000,0x00000005ec300000)]
  0x00000135f72bf800 JavaThread "Build operations Thread 4" [_thread_blocked, id=14100, stack(0x00000005ec100000,0x00000005ec200000)]
  0x00000135f72c2800 JavaThread "Build operations Thread 3" [_thread_blocked, id=5592, stack(0x00000005ec000000,0x00000005ec100000)]
  0x00000135f72bd000 JavaThread "Build operations Thread 2" [_thread_blocked, id=9024, stack(0x00000005ebf00000,0x00000005ec000000)]
  0x00000135f72c1800 JavaThread "Build operations" [_thread_blocked, id=5612, stack(0x00000005ebe00000,0x00000005ebf00000)]
  0x00000135f72c1000 JavaThread "Cache worker for Build Output Cleanup Cache (E:\My\.gradle\buildOutputCleanup)" [_thread_blocked, id=18388, stack(0x00000005ebd00000,0x00000005ebe00000)]
  0x00000135f72b5000 JavaThread "jar transforms Thread 102" [_thread_blocked, id=18184, stack(0x00000005ebc00000,0x00000005ebd00000)]
  0x00000135f72bc000 JavaThread "jar transforms Thread 101" [_thread_blocked, id=18600, stack(0x00000005ebb00000,0x00000005ebc00000)]
  0x00000135f72b4800 JavaThread "jar transforms Thread 100" [_thread_blocked, id=8836, stack(0x00000005eba00000,0x00000005ebb00000)]
  0x00000135f72b6800 JavaThread "jar transforms Thread 99" [_thread_blocked, id=608, stack(0x00000005eb900000,0x00000005eba00000)]
  0x00000135f72b6000 JavaThread "jar transforms Thread 98" [_thread_blocked, id=16388, stack(0x00000005eb800000,0x00000005eb900000)]
  0x00000135f72b8000 JavaThread "jar transforms Thread 97" [_thread_blocked, id=12844, stack(0x00000005eb700000,0x00000005eb800000)]
  0x00000135f72b9000 JavaThread "jar transforms Thread 96" [_thread_blocked, id=7812, stack(0x00000005eb600000,0x00000005eb700000)]
  0x00000135fa7d1800 JavaThread "jar transforms Thread 95" [_thread_blocked, id=3960, stack(0x00000005eb500000,0x00000005eb600000)]
  0x00000135fa7d2800 JavaThread "jar transforms Thread 94" [_thread_blocked, id=1728, stack(0x00000005eb400000,0x00000005eb500000)]
  0x00000135fa7d8000 JavaThread "jar transforms Thread 93" [_thread_blocked, id=18444, stack(0x00000005eb300000,0x00000005eb400000)]
  0x00000135fa7d7000 JavaThread "Cache worker for cache directory md-rule (C:\Users\Mukund Mishra\.gradle\caches\6.5\md-rule)" [_thread_blocked, id=5624, stack(0x00000005eb200000,0x00000005eb300000)]
  0x00000135fa7cf800 JavaThread "Cache worker for cache directory md-supplier (C:\Users\Mukund Mishra\.gradle\caches\6.5\md-supplier)" [_thread_blocked, id=16672, stack(0x00000005eae00000,0x00000005eaf00000)]
  0x00000135fa7d6800 JavaThread "Cache worker for checksums cache (E:\My\.gradle\checksums)" [_thread_blocked, id=2020, stack(0x00000005ead00000,0x00000005eae00000)]
  0x00000135fa7d5800 JavaThread "Cache worker for file hash cache (E:\My\.gradle\6.5\fileHashes)" [_thread_blocked, id=15800, stack(0x00000005eac00000,0x00000005ead00000)]
  0x00000135fa7d3000 JavaThread "Thread-135" [_thread_blocked, id=4796, stack(0x00000005eab00000,0x00000005eac00000)]
  0x00000135fa7d5000 JavaThread "Stdin handler" [_thread_blocked, id=7824, stack(0x00000005eaa00000,0x00000005eab00000)]
  0x00000135fa7cd000 JavaThread "Asynchronous log dispatcher for DefaultDaemonConnection: socket connection from /127.0.0.1:58717 to /127.0.0.1:58977" [_thread_blocked, id=14408, stack(0x00000005ea900000,0x00000005eaa00000)]
  0x00000135fa7d4000 JavaThread "Daemon worker Thread 2" [_thread_in_vm, id=15168, stack(0x00000005ea800000,0x00000005ea900000)]
  0x00000135fa7ce800 JavaThread "Cancel handler" [_thread_blocked, id=6840, stack(0x00000005ea500000,0x00000005ea600000)]
  0x00000135fa7ca000 JavaThread "Handler for socket connection from /127.0.0.1:58717 to /127.0.0.1:58977" [_thread_in_native, id=12060, stack(0x00000005ea400000,0x00000005ea500000)]
  0x00000135fa7cc000 JavaThread "Daemon Thread 2" [_thread_blocked, id=19296, stack(0x00000005e8e00000,0x00000005e8f00000)]
  0x00000135fa7d1000 JavaThread "Memory manager" [_thread_blocked, id=10500, stack(0x00000005f1d00000,0x00000005f1e00000)]
  0x00000135f72ba000 JavaThread "Cache worker for file content cache (C:\Users\Mukund Mishra\.gradle\caches\6.5\fileContent)" [_thread_blocked, id=3664, stack(0x00000005ecd00000,0x00000005ece00000)]
  0x00000135f72b7800 JavaThread "Cache worker for execution history cache (C:\Users\Mukund Mishra\.gradle\caches\6.5\executionHistory)" [_thread_blocked, id=18708, stack(0x00000005ecc00000,0x00000005ecd00000)]
  0x00000135f4942000 JavaThread "Cache worker for file hash cache (C:\Users\Mukund Mishra\.gradle\caches\6.5\fileHashes)" [_thread_blocked, id=9428, stack(0x00000005eb100000,0x00000005eb200000)]
  0x00000135f4944800 JavaThread "File lock request listener" [_thread_in_native, id=19132, stack(0x00000005eb000000,0x00000005eb100000)]
=>0x00000135f4941000 JavaThread "Cache worker for journal cache (C:\Users\Mukund Mishra\.gradle\caches\journal-1)" [_thread_in_Java, id=13108, stack(0x00000005eaf00000,0x00000005eb000000)]
  0x00000135f7964800 JavaThread "Daemon periodic checks" [_thread_blocked, id=13224, stack(0x00000005ea700000,0x00000005ea800000)]
  0x00000135f7a7a800 JavaThread "Incoming local TCP Connector on port 58717" [_thread_in_native, id=7772, stack(0x00000005ea600000,0x00000005ea700000)]
  0x00000135f79ff000 JavaThread "Daemon health stats" [_thread_blocked, id=10292, stack(0x00000005ea300000,0x00000005ea400000)]
  0x00000135f5ce8800 JavaThread "Service Thread" daemon [_thread_blocked, id=4028, stack(0x00000005ea100000,0x00000005ea200000)]
  0x00000135f4940800 JavaThread "C1 CompilerThread3" daemon [_thread_in_vm, id=1556, stack(0x00000005ea000000,0x00000005ea100000)]
  0x00000135f492e800 JavaThread "C2 CompilerThread2" daemon [_thread_blocked, id=1444, stack(0x00000005e9f00000,0x00000005ea000000)]
  0x00000135f492d800 JavaThread "C2 CompilerThread1" daemon [_thread_blocked, id=16044, stack(0x00000005e9e00000,0x00000005e9f00000)]
  0x00000135f4932000 JavaThread "C2 CompilerThread0" daemon [_thread_blocked, id=14180, stack(0x00000005e9d00000,0x00000005e9e00000)]
  0x00000135f4925800 JavaThread "Attach Listener" daemon [_thread_blocked, id=14304, stack(0x00000005e9c00000,0x00000005e9d00000)]
  0x00000135f4924800 JavaThread "Signal Dispatcher" daemon [_thread_blocked, id=8652, stack(0x00000005e9b00000,0x00000005e9c00000)]
  0x00000135f48f7800 JavaThread "Finalizer" daemon [_thread_blocked, id=16968, stack(0x00000005e9a00000,0x00000005e9b00000)]
  0x00000135f48e9000 JavaThread "Reference Handler" daemon [_thread_blocked, id=10116, stack(0x00000005e9900000,0x00000005e9a00000)]
  0x00000135ddb79000 JavaThread "main" [_thread_blocked, id=14136, stack(0x00000005e8f00000,0x00000005e9000000)]

Other Threads:
  0x00000135f3cfd800 VMThread [stack: 0x00000005e9800000,0x00000005e9900000] [id=16524]
  0x00000135f5ce9000 WatcherThread [stack: 0x00000005ea200000,0x00000005ea300000] [id=9664]

VM state:not at safepoint (normal execution)

VM Mutex/Monitor currently owned by a thread: None

heap address: 0x0000000080000000, size: 2048 MB, Compressed Oops mode: 32-bit
Narrow klass base: 0x0000000000000000, Narrow klass shift: 3
Compressed class space size: 1073741824 Address: 0x0000000100000000

Heap:
 PSYoungGen      total 282624K, used 138848K [0x00000000d5580000, 0x00000000ea580000, 0x0000000100000000)
  eden space 259584K, 44% used [0x00000000d5580000,0x00000000dc69d5f8,0x00000000e5300000)
  from space 23040K, 99% used [0x00000000e5300000,0x00000000e697ac50,0x00000000e6980000)
  to   space 26624K, 0% used [0x00000000e8b80000,0x00000000e8b80000,0x00000000ea580000)
 ParOldGen       total 159232K, used 40318K [0x0000000080000000, 0x0000000089b80000, 0x00000000d5580000)
  object space 159232K, 25% used [0x0000000080000000,0x000000008275fa20,0x0000000089b80000)
 Metaspace       used 84595K, capacity 88782K, committed 88960K, reserved 1126400K
  class space    used 11284K, capacity 12105K, committed 12160K, reserved 1048576K

Card table byte_map: [0x00000135ee940000,0x00000135eed50000] byte_map_base: 0x00000135ee540000

Marking Bits: (ParMarkBitMap*) 0x000000006e447850
 Begin Bits: [0x00000135ef000000, 0x00000135f1000000)
 End Bits:   [0x00000135f1000000, 0x00000135f3000000)

Polling page: 0x00000135ddb30000

CodeCache: size=245760Kb used=28688Kb max_used=28688Kb free=217071Kb
 bounds [0x00000135df580000, 0x00000135e11b0000, 0x00000135ee580000]
 total_blobs=9562 nmethods=8713 adapters=760
 compilation: enabled

Compilation events (10 events):
Event: 1571.905 Thread 0x00000135f4940800 nmethod 10226 0x00000135df9fd790 code [0x00000135df9fd940, 0x00000135df9fde00]
Event: 1571.906 Thread 0x00000135f4940800 10228       3       org.gradle.internal.serialize.AbstractCollectionSerializer::read (47 bytes)
Event: 1571.907 Thread 0x00000135f492e800 10229       4       org.gradle.internal.component.external.model.AbstractLazyModuleComponentResolveMetadata::getId (5 bytes)
Event: 1571.907 Thread 0x00000135f4940800 nmethod 10228 0x00000135e11993d0 code [0x00000135e1199580, 0x00000135e1199ac0]
Event: 1571.908 Thread 0x00000135f4940800 10227       3       org.gradle.internal.serialize.AbstractCollectionSerializer::read (6 bytes)
Event: 1571.908 Thread 0x00000135f4932000 nmethod 10223 0x00000135e1199cd0 code [0x00000135e1199e40, 0x00000135e119a428]
Event: 1571.908 Thread 0x00000135f492e800 nmethod 10229 0x00000135dfa51f10 code [0x00000135dfa52040, 0x00000135dfa52098]
Event: 1571.908 Thread 0x00000135f4940800 nmethod 10227 0x00000135df9e0750 code [0x00000135df9e08c0, 0x00000135df9e0ad0]
Event: 1571.908 Thread 0x00000135f492d800 nmethod 10224 0x00000135e119b510 code [0x00000135e119b680, 0x00000135e119bc48]
Event: 1571.910 Thread 0x00000135f4940800 10230       3       org.gradle.api.internal.artifacts.ivyservice.modulecache.artifacts.DefaultModuleArtifactsCache::get (14 bytes)

GC Heap History (10 events):
Event: 35.948 GC heap before
{Heap before GC invocations=20 (full 2):
 PSYoungGen      total 221696K, used 211136K [0x00000000d5580000, 0x00000000e5180000, 0x0000000100000000)
  eden space 208896K, 100% used [0x00000000d5580000,0x00000000e2180000,0x00000000e2180000)
  from space 12800K, 17% used [0x00000000e2180000,0x00000000e23b0000,0x00000000e2e00000)
  to   space 12288K, 0% used [0x00000000e4580000,0x00000000e4580000,0x00000000e5180000)
 ParOldGen       total 102400K, used 19581K [0x0000000080000000, 0x0000000086400000, 0x00000000d5580000)
  object space 102400K, 19% used [0x0000000080000000,0x000000008131f7a0,0x0000000086400000)
 Metaspace       used 42646K, capacity 44724K, committed 44928K, reserved 1087488K
  class space    used 5847K, capacity 6217K, committed 6272K, reserved 1048576K
Event: 35.967 GC heap after
Heap after GC invocations=20 (full 2):
 PSYoungGen      total 243200K, used 12272K [0x00000000d5580000, 0x00000000e5400000, 0x0000000100000000)
  eden space 230912K, 0% used [0x00000000d5580000,0x00000000d5580000,0x00000000e3700000)
  from space 12288K, 99% used [0x00000000e4580000,0x00000000e517c168,0x00000000e5180000)
  to   space 14848K, 0% used [0x00000000e3700000,0x00000000e3700000,0x00000000e4580000)
 ParOldGen       total 102400K, used 20673K [0x0000000080000000, 0x0000000086400000, 0x00000000d5580000)
  object space 102400K, 20% used [0x0000000080000000,0x00000000814305f8,0x0000000086400000)
 Metaspace       used 42646K, capacity 44724K, committed 44928K, reserved 1087488K
  class space    used 5847K, capacity 6217K, committed 6272K, reserved 1048576K
}
Event: 39.466 GC heap before
{Heap before GC invocations=21 (full 2):
 PSYoungGen      total 243200K, used 167160K [0x00000000d5580000, 0x00000000e5400000, 0x0000000100000000)
  eden space 230912K, 67% used [0x00000000d5580000,0x00000000decc1eb0,0x00000000e3700000)
  from space 12288K, 99% used [0x00000000e4580000,0x00000000e517c168,0x00000000e5180000)
  to   space 14848K, 0% used [0x00000000e3700000,0x00000000e3700000,0x00000000e4580000)
 ParOldGen       total 102400K, used 20673K [0x0000000080000000, 0x0000000086400000, 0x00000000d5580000)
  object space 102400K, 20% used [0x0000000080000000,0x00000000814305f8,0x0000000086400000)
 Metaspace       used 56646K, capacity 59060K, committed 59096K, reserved 1099776K
  class space    used 7609K, capacity 8044K, committed 8064K, reserved 1048576K
Event: 39.507 GC heap after
Heap after GC invocations=21 (full 2):
 PSYoungGen      total 245760K, used 14820K [0x00000000d5580000, 0x00000000e7f00000, 0x0000000100000000)
  eden space 230912K, 0% used [0x00000000d5580000,0x00000000d5580000,0x00000000e3700000)
  from space 14848K, 99% used [0x00000000e3700000,0x00000000e4579330,0x00000000e4580000)
  to   space 22016K, 0% used [0x00000000e6980000,0x00000000e6980000,0x00000000e7f00000)
 ParOldGen       total 102400K, used 33711K [0x0000000080000000, 0x0000000086400000, 0x00000000d5580000)
  object space 102400K, 32% used [0x0000000080000000,0x00000000820ebfa0,0x0000000086400000)
 Metaspace       used 56646K, capacity 59060K, committed 59096K, reserved 1099776K
  class space    used 7609K, capacity 8044K, committed 8064K, reserved 1048576K
}
Event: 39.507 GC heap before
{Heap before GC invocations=22 (full 3):
 PSYoungGen      total 245760K, used 14820K [0x00000000d5580000, 0x00000000e7f00000, 0x0000000100000000)
  eden space 230912K, 0% used [0x00000000d5580000,0x00000000d5580000,0x00000000e3700000)
  from space 14848K, 99% used [0x00000000e3700000,0x00000000e4579330,0x00000000e4580000)
  to   space 22016K, 0% used [0x00000000e6980000,0x00000000e6980000,0x00000000e7f00000)
 ParOldGen       total 102400K, used 33711K [0x0000000080000000, 0x0000000086400000, 0x00000000d5580000)
  object space 102400K, 32% used [0x0000000080000000,0x00000000820ebfa0,0x0000000086400000)
 Metaspace       used 56646K, capacity 59060K, committed 59096K, reserved 1099776K
  class space    used 7609K, capacity 8044K, committed 8064K, reserved 1048576K
Event: 39.800 GC heap after
Heap after GC invocations=22 (full 3):
 PSYoungGen      total 245760K, used 0K [0x00000000d5580000, 0x00000000e7f00000, 0x0000000100000000)
  eden space 230912K, 0% used [0x00000000d5580000,0x00000000d5580000,0x00000000e3700000)
  from space 14848K, 0% used [0x00000000e3700000,0x00000000e3700000,0x00000000e4580000)
  to   space 22016K, 0% used [0x00000000e6980000,0x00000000e6980000,0x00000000e7f00000)
 ParOldGen       total 159232K, used 40121K [0x0000000080000000, 0x0000000089b80000, 0x00000000d5580000)
  object space 159232K, 25% used [0x0000000080000000,0x000000008272e5e0,0x0000000089b80000)
 Metaspace       used 56534K, capacity 58776K, committed 59096K, reserved 1099776K
  class space    used 7576K, capacity 7998K, committed 8064K, reserved 1048576K
}
Event: 44.650 GC heap before
{Heap before GC invocations=23 (full 3):
 PSYoungGen      total 245760K, used 230912K [0x00000000d5580000, 0x00000000e7f00000, 0x0000000100000000)
  eden space 230912K, 100% used [0x00000000d5580000,0x00000000e3700000,0x00000000e3700000)
  from space 14848K, 0% used [0x00000000e3700000,0x00000000e3700000,0x00000000e4580000)
  to   space 22016K, 0% used [0x00000000e6980000,0x00000000e6980000,0x00000000e7f00000)
 ParOldGen       total 159232K, used 40121K [0x0000000080000000, 0x0000000089b80000, 0x00000000d5580000)
  object space 159232K, 25% used [0x0000000080000000,0x000000008272e5e0,0x0000000089b80000)
 Metaspace       used 69755K, capacity 72402K, committed 72576K, reserved 1112064K
  class space    used 9475K, capacity 10016K, committed 10112K, reserved 1048576K
Event: 44.675 GC heap after
Heap after GC invocations=23 (full 3):
 PSYoungGen      total 281600K, used 14274K [0x00000000d5580000, 0x00000000e8080000, 0x0000000100000000)
  eden space 259584K, 0% used [0x00000000d5580000,0x00000000d5580000,0x00000000e5300000)
  from space 22016K, 64% used [0x00000000e6980000,0x00000000e7770ac8,0x00000000e7f00000)
  to   space 23040K, 0% used [0x00000000e5300000,0x00000000e5300000,0x00000000e6980000)
 ParOldGen       total 159232K, used 40129K [0x0000000080000000, 0x0000000089b80000, 0x00000000d5580000)
  object space 159232K, 25% used [0x0000000080000000,0x00000000827305e0,0x0000000089b80000)
 Metaspace       used 69755K, capacity 72402K, committed 72576K, reserved 1112064K
  class space    used 9475K, capacity 10016K, committed 10112K, reserved 1048576K
}
Event: 51.256 GC heap before
{Heap before GC invocations=24 (full 3):
 PSYoungGen      total 281600K, used 273858K [0x00000000d5580000, 0x00000000e8080000, 0x0000000100000000)
  eden space 259584K, 100% used [0x00000000d5580000,0x00000000e5300000,0x00000000e5300000)
  from space 22016K, 64% used [0x00000000e6980000,0x00000000e7770ac8,0x00000000e7f00000)
  to   space 23040K, 0% used [0x00000000e5300000,0x00000000e5300000,0x00000000e6980000)
 ParOldGen       total 159232K, used 40129K [0x0000000080000000, 0x0000000089b80000, 0x00000000d5580000)
  object space 159232K, 25% used [0x0000000080000000,0x00000000827305e0,0x0000000089b80000)
 Metaspace       used 80310K, capacity 84098K, committed 84224K, reserved 1122304K
  class space    used 10974K, capacity 11712K, committed 11776K, reserved 1048576K
Event: 51.290 GC heap after
Heap after GC invocations=24 (full 3):
 PSYoungGen      total 282624K, used 23019K [0x00000000d5580000, 0x00000000ea580000, 0x0000000100000000)
  eden space 259584K, 0% used [0x00000000d5580000,0x00000000d5580000,0x00000000e5300000)
  from space 23040K, 99% used [0x00000000e5300000,0x00000000e697ac50,0x00000000e6980000)
  to   space 26624K, 0% used [0x00000000e8b80000,0x00000000e8b80000,0x00000000ea580000)
 ParOldGen       total 159232K, used 40318K [0x0000000080000000, 0x0000000089b80000, 0x00000000d5580000)
  object space 159232K, 25% used [0x0000000080000000,0x000000008275fa20,0x0000000089b80000)
 Metaspace       used 80310K, capacity 84098K, committed 84224K, reserved 1122304K
  class space    used 10974K, capacity 11712K, committed 11776K, reserved 1048576K
}

Deoptimization events (10 events):
Event: 1570.559 Thread 0x00000135fa7d4000 Uncommon trap: reason=bimorphic action=maybe_recompile pc=0x00000135e0d98b74 method=com.google.common.cache.LocalCache$Segment.get(Ljava/lang/Object;I)Ljava/lang/Object; @ 49
Event: 1570.560 Thread 0x00000135fa7d4000 Uncommon trap: reason=bimorphic action=maybe_recompile pc=0x00000135e0da52ac method=com.google.common.cache.LocalCache$Segment.get(Ljava/lang/Object;I)Ljava/lang/Object; @ 49
Event: 1570.604 Thread 0x00000135fa7d4000 Uncommon trap: reason=bimorphic action=maybe_recompile pc=0x00000135e029cd84 method=java.util.Objects.equals(Ljava/lang/Object;Ljava/lang/Object;)Z @ 11
Event: 1570.604 Thread 0x00000135fa7d4000 Uncommon trap: reason=bimorphic action=maybe_recompile pc=0x00000135e029cd84 method=java.util.Objects.equals(Ljava/lang/Object;Ljava/lang/Object;)Z @ 11
Event: 1570.811 Thread 0x00000135fa7d4000 Uncommon trap: reason=class_check action=maybe_recompile pc=0x00000135e01ab9fc method=org.gradle.internal.fingerprint.FingerprintHashingStrategy.appendCollectionToHasherKeepingOrder(Lorg/gradle/internal/hash/Hasher;Ljava/util/Collection;)V @ 1
Event: 1570.910 Thread 0x00000135fa7d4000 Uncommon trap: reason=bimorphic action=maybe_recompile pc=0x00000135e0d02f60 method=org.gradle.internal.snapshot.SnapshotUtil.getSnapshotFromChild(Lorg/gradle/internal/snapshot/FileSystemNode;Lorg/gradle/internal/snapshot/VfsRelativePath;Lorg/gradle/inter
Event: 1570.936 Thread 0x00000135fa7d4000 Uncommon trap: reason=class_check action=maybe_recompile pc=0x00000135e01ab9fc method=org.gradle.internal.fingerprint.FingerprintHashingStrategy.appendCollectionToHasherKeepingOrder(Lorg/gradle/internal/hash/Hasher;Ljava/util/Collection;)V @ 1
Event: 1570.937 Thread 0x00000135fa7d4000 Uncommon trap: reason=bimorphic action=maybe_recompile pc=0x00000135e029cd84 method=java.util.Objects.equals(Ljava/lang/Object;Ljava/lang/Object;)Z @ 11
Event: 1570.937 Thread 0x00000135fa7d4000 Uncommon trap: reason=bimorphic action=maybe_recompile pc=0x00000135e029cd84 method=java.util.Objects.equals(Ljava/lang/Object;Ljava/lang/Object;)Z @ 11
Event: 1571.758 Thread 0x00000135fa7d4000 Uncommon trap: reason=bimorphic action=maybe_recompile pc=0x00000135e014cf80 method=java.util.TreeMap.getEntryUsingComparator(Ljava/lang/Object;)Ljava/util/TreeMap$Entry; @ 29

Classes redefined (0 events):
No events

Internal exceptions (10 events):
Event: 1570.557 Thread 0x00000135fa7d4000 Implicit null exception at 0x00000135e06105c3 to 0x00000135e0612c61
Event: 1570.565 Thread 0x00000135fa7d4000 Exception <a 'java/lang/NoSuchMethodError': <clinit>> (0x00000000d8ffe300) thrown at [C:\wsjdk\Corretto8Src\installers\windows\zip\corretto-build\buildRoot\src\hotspot\src\share\vm\prims\jni.cpp, line 1616]
Event: 1570.687 Thread 0x00000135fa7d8000 Exception <a 'sun/nio/fs/WindowsException'> (0x00000000d9246bc0) thrown at [C:\wsjdk\Corretto8Src\installers\windows\zip\corretto-build\buildRoot\src\hotspot\src\share\vm\prims\jni.cpp, line 711]
Event: 1570.688 Thread 0x00000135fa7d8000 Exception <a 'sun/nio/fs/WindowsException'> (0x00000000d9246fa0) thrown at [C:\wsjdk\Corretto8Src\installers\windows\zip\corretto-build\buildRoot\src\hotspot\src\share\vm\prims\jni.cpp, line 711]
Event: 1570.767 Thread 0x00000135fa7d4000 Exception <a 'java/lang/ClassNotFoundException': sync_studio_tooling9_7ioejjpvovz1ztng9tbzxfunqBeanInfo> (0x00000000d92fe608) thrown at [C:\wsjdk\Corretto8Src\installers\windows\zip\corretto-build\buildRoot\src\hotspot\src\share\vm\classfile\systemDiction
Event: 1570.768 Thread 0x00000135fa7d4000 Exception <a 'java/lang/ClassNotFoundException': sync_studio_tooling9_7ioejjpvovz1ztng9tbzxfunqCustomizer> (0x00000000d930beb0) thrown at [C:\wsjdk\Corretto8Src\installers\windows\zip\corretto-build\buildRoot\src\hotspot\src\share\vm\classfile\systemDicti
Event: 1570.829 Thread 0x00000135fa7d2800 Exception <a 'sun/nio/fs/WindowsException'> (0x00000000d9419930) thrown at [C:\wsjdk\Corretto8Src\installers\windows\zip\corretto-build\buildRoot\src\hotspot\src\share\vm\prims\jni.cpp, line 711]
Event: 1570.830 Thread 0x00000135fa7d2800 Exception <a 'sun/nio/fs/WindowsException'> (0x00000000d9419d08) thrown at [C:\wsjdk\Corretto8Src\installers\windows\zip\corretto-build\buildRoot\src\hotspot\src\share\vm\prims\jni.cpp, line 711]
Event: 1570.877 Thread 0x00000135fa7d4000 Exception <a 'java/lang/ClassNotFoundException': sync_studio_tooling9_7ioejjpvovz1ztng9tbzxfunqBeanInfo> (0x00000000d9481580) thrown at [C:\wsjdk\Corretto8Src\installers\windows\zip\corretto-build\buildRoot\src\hotspot\src\share\vm\classfile\systemDiction
Event: 1570.877 Thread 0x00000135fa7d4000 Exception <a 'java/lang/ClassNotFoundException': sync_studio_tooling9_7ioejjpvovz1ztng9tbzxfunqCustomizer> (0x00000000d948edc8) thrown at [C:\wsjdk\Corretto8Src\installers\windows\zip\corretto-build\buildRoot\src\hotspot\src\share\vm\classfile\systemDicti

Events (10 events):
Event: 1571.706 Thread 0x00000135f4940800 flushing nmethod 0x00000135e04dce10
Event: 1571.707 Thread 0x00000135f4940800 flushing nmethod 0x00000135e0527390
Event: 1571.737 Thread 0x00000135f492e800 flushing nmethod 0x00000135e0b61590
Event: 1571.740 Thread 0x00000135f4940800 flushing nmethod 0x00000135e0c89910
Event: 1571.747 Thread 0x00000135f4940800 flushing nmethod 0x00000135e0fc5f10
Event: 1571.758 Thread 0x00000135fa7d4000 Uncommon trap: trap_request=0xffffffc6 fr.pc=0x00000135e014cf80
Event: 1571.758 Thread 0x00000135fa7d4000 DEOPT PACKING pc=0x00000135e014cf80 sp=0x00000005ea8fba70
Event: 1571.758 Thread 0x00000135fa7d4000 DEOPT UNPACKING pc=0x00000135df5c5583 sp=0x00000005ea8fb9a0 mode 2
Event: 1571.762 Executing VM operation: RevokeBias
Event: 1571.762 Executing VM operation: RevokeBias done


Dynamic libraries:
0x00007ff657fe0000 - 0x00007ff65801a000 	C:\Users\Mukund Mishra\.jdks\corretto-1.8.0_332\bin\java.exe
0x00007ffb352a0000 - 0x00007ffb354a9000 	C:\WINDOWS\SYSTEM32\ntdll.dll
0x00007ffb34e60000 - 0x00007ffb34f1d000 	C:\WINDOWS\System32\KERNEL32.DLL
0x00007ffb32780000 - 0x00007ffb32af9000 	C:\WINDOWS\System32\KERNELBASE.dll
0x00007ffb34c00000 - 0x00007ffb34cae000 	C:\WINDOWS\System32\ADVAPI32.dll
0x00007ffb35000000 - 0x00007ffb350a3000 	C:\WINDOWS\System32\msvcrt.dll
0x00007ffb349c0000 - 0x00007ffb34a5e000 	C:\WINDOWS\System32\sechost.dll
0x00007ffb33130000 - 0x00007ffb33250000 	C:\WINDOWS\System32\RPCRT4.dll
0x00007ffb34cb0000 - 0x00007ffb34e5c000 	C:\WINDOWS\System32\USER32.dll
0x00007ffb32cb0000 - 0x00007ffb32cd6000 	C:\WINDOWS\System32\win32u.dll
0x00007ffb344e0000 - 0x00007ffb34509000 	C:\WINDOWS\System32\GDI32.dll
0x00007ffb32ea0000 - 0x00007ffb32fb2000 	C:\WINDOWS\System32\gdi32full.dll
0x00007ffb32e00000 - 0x00007ffb32e9d000 	C:\WINDOWS\System32\msvcp_win.dll
0x00007ffb32ce0000 - 0x00007ffb32df1000 	C:\WINDOWS\System32\ucrtbase.dll
0x00007ffb19ff0000 - 0x00007ffb1a295000 	C:\WINDOWS\WinSxS\amd64_microsoft.windows.common-controls_6595b64144ccf1df_6.0.22000.120_none_9d947278b86cc467\COMCTL32.dll
0x00007ffb339e0000 - 0x00007ffb33a11000 	C:\WINDOWS\System32\IMM32.DLL
0x00007ffb20bd0000 - 0x00007ffb20cbf000 	C:\Users\Mukund Mishra\.jdks\corretto-1.8.0_332\jre\bin\msvcr120.dll
0x00007ffb08fe0000 - 0x00007ffb09086000 	C:\Users\Mukund Mishra\.jdks\corretto-1.8.0_332\jre\bin\msvcp120.dll
0x000000006dc50000 - 0x000000006e4c6000 	C:\Users\Mukund Mishra\.jdks\corretto-1.8.0_332\jre\bin\server\jvm.dll
0x00007ffb337f0000 - 0x00007ffb337f8000 	C:\WINDOWS\System32\PSAPI.DLL
0x00007ffb1aec0000 - 0x00007ffb1aec9000 	C:\WINDOWS\SYSTEM32\WSOCK32.dll
0x00007ffb25fa0000 - 0x00007ffb25faa000 	C:\WINDOWS\SYSTEM32\VERSION.dll
0x00007ffb35170000 - 0x00007ffb351df000 	C:\WINDOWS\System32\WS2_32.dll
0x00007ffb2ad30000 - 0x00007ffb2ad63000 	C:\WINDOWS\SYSTEM32\WINMM.dll
0x00007ffb2bb40000 - 0x00007ffb2bb4f000 	C:\Users\Mukund Mishra\.jdks\corretto-1.8.0_332\jre\bin\verify.dll
0x00007ffb0cac0000 - 0x00007ffb0cae9000 	C:\Users\Mukund Mishra\.jdks\corretto-1.8.0_332\jre\bin\java.dll
0x00007ffb2ba10000 - 0x00007ffb2ba26000 	C:\Users\Mukund Mishra\.jdks\corretto-1.8.0_332\jre\bin\zip.dll
0x00007ffb33d00000 - 0x00007ffb344b8000 	C:\WINDOWS\System32\SHELL32.dll
0x00007ffb30880000 - 0x00007ffb310e8000 	C:\WINDOWS\SYSTEM32\windows.storage.dll
0x00007ffb345e0000 - 0x00007ffb34959000 	C:\WINDOWS\System32\combase.dll
0x00007ffb30710000 - 0x00007ffb30876000 	C:\WINDOWS\SYSTEM32\wintypes.dll
0x00007ffb33800000 - 0x00007ffb338ea000 	C:\WINDOWS\System32\SHCORE.dll
0x00007ffb34960000 - 0x00007ffb349bd000 	C:\WINDOWS\System32\shlwapi.dll
0x00007ffb326b0000 - 0x00007ffb326d1000 	C:\WINDOWS\SYSTEM32\profapi.dll
0x00007ffb26120000 - 0x00007ffb2613a000 	C:\Users\Mukund Mishra\.jdks\corretto-1.8.0_332\jre\bin\net.dll
0x00007ffb31da0000 - 0x00007ffb31e07000 	C:\WINDOWS\system32\mswsock.dll
0x00007ffb22330000 - 0x00007ffb22342000 	C:\Users\Mukund Mishra\.jdks\corretto-1.8.0_332\jre\bin\nio.dll
0x00007ffb20cc0000 - 0x00007ffb20ce7000 	C:\Users\Mukund Mishra\.gradle\native\f6784746aeab05261644944871eae4fe03e0ef1612fff0a4a95f87b438bc6780\windows-amd64\native-platform.dll
0x00007ffb25e20000 - 0x00007ffb25e2d000 	C:\Users\Mukund Mishra\.jdks\corretto-1.8.0_332\jre\bin\management.dll
0x00007ffb31fe0000 - 0x00007ffb31ff8000 	C:\WINDOWS\SYSTEM32\CRYPTSP.dll
0x00007ffb318a0000 - 0x00007ffb318d5000 	C:\WINDOWS\system32\rsaenh.dll
0x00007ffb31e90000 - 0x00007ffb31eb9000 	C:\WINDOWS\SYSTEM32\USERENV.dll
0x00007ffb32160000 - 0x00007ffb32187000 	C:\WINDOWS\SYSTEM32\bcrypt.dll
0x00007ffb32b70000 - 0x00007ffb32bef000 	C:\WINDOWS\System32\bcryptprimitives.dll
0x00007ffb32000000 - 0x00007ffb3200c000 	C:\WINDOWS\SYSTEM32\CRYPTBASE.dll
0x00007ffb313a0000 - 0x00007ffb313cd000 	C:\WINDOWS\SYSTEM32\IPHLPAPI.DLL
0x00007ffb345c0000 - 0x00007ffb345c9000 	C:\WINDOWS\System32\NSI.dll
0x00007ffb289e0000 - 0x00007ffb289f9000 	C:\WINDOWS\SYSTEM32\dhcpcsvc6.DLL
0x00007ffb29170000 - 0x00007ffb2918e000 	C:\WINDOWS\SYSTEM32\dhcpcsvc.DLL
0x00007ffb313d0000 - 0x00007ffb314b8000 	C:\WINDOWS\SYSTEM32\DNSAPI.dll
0x00007ffb2ab90000 - 0x00007ffb2ab9c000 	C:\WINDOWS\SYSTEM32\WINNSI.DLL
0x00007ffb2cbb0000 - 0x00007ffb2cdd1000 	C:\WINDOWS\SYSTEM32\dbghelp.dll

VM Arguments:
jvm_args: -Xmx2048m -Dfile.encoding=UTF-8 -Duser.country=IN -Duser.language=en -Duser.variant 
java_command: org.gradle.launcher.daemon.bootstrap.GradleDaemon 6.5
java_class_path (initial): C:\Users\Mukund Mishra\.gradle\wrapper\dists\gradle-6.5-bin\6nifqtx7604sqp1q6g8wikw7p\gradle-6.5\lib\gradle-launcher-6.5.jar
Launcher Type: SUN_STANDARD

Environment Variables:
PATH=C:\Program Files (x86)\VMware\VMware Player\bin\;C:\Program Files\Common Files\Oracle\Java\javapath;C:\Program Files (x86)\Common Files\Oracle\Java\javapath;C:\Windows\system32;C:\Windows;C:\Windows\System32\Wbem;C:\Windows\System32\WindowsPowerShell\v1.0\;C:\Windows\System32\OpenSSH\;C:\Program Files (x86)\NVIDIA Corporation\PhysX\Common;C:\Program Files\NVIDIA Corporation\NVIDIA NvDLISR;C:\Program Files\Microsoft VS Code\bin;C:\Program Files\Java\jdk-15.0.2\bin;C:\Users\Mukund Mishra\AppData\Local\Programs\Python\Python39\Scripts\;C:\MinGW\bin;C:\WINDOWS\system32;C:\WINDOWS;C:\WINDOWS\System32\Wbem;C:\WINDOWS\System32\WindowsPowerShell\v1.0\;C:\WINDOWS\System32\OpenSSH\;C:\Program Files\nodejs\;C:\Program Files\Git\cmd;C:\kotlinc\bin;C:\Program Files\dotnet\;C:\Users\Mukund Mishra\AppData\Local\Programs\Python\Python39\Scripts\;C:\Users\Mukund Mishra\AppData\Local\Programs\Python\Python39\;C:\Users\Mukund Mishra\AppData\Local\Microsoft\WindowsApps;C:\Users\Mukund Mishra\AppData\Roaming\npm
USERNAME=Mukund Mishra
OS=Windows_NT
PROCESSOR_IDENTIFIER=Intel64 Family 6 Model 142 Stepping 12, GenuineIntel



---------------  S Y S T E M  ---------------

OS: Windows 10.0 , 64 bit Build 22000 (10.0.22000.708)

CPU:total 8 (initial active 8) (4 cores per cpu, 2 threads per core) family 6 model 142 stepping 12, cmov, cx8, fxsr, mmx, sse, sse2, sse3, ssse3, sse4.1, sse4.2, popcnt, avx, avx2, aes, clmul, erms, 3dnowpref, lzcnt, ht, tsc, tscinvbit, bmi1, bmi2, adx

Memory: 4k page, physical 8132648k(536652k free), swap 16521256k(5618484k free)

vm_info: OpenJDK 64-Bit Server VM (25.332-b08) for windows-amd64 JRE (1.8.0_332-b08), built on Apr 16 2022 08:31:02 by "Administrator" with MS VC++ 12.0 (VS2013)

time: Fri May 27 11:21:58 2022
timezone: India Standard Time
elapsed time: 1571.955854 seconds (0d 0h 26m 11s)

